01:33:58 **** Build of configuration Debug for project CuTest ****
make all 
Building file: ../CuTest.c
Invoking: GCC C Compiler
gcc -I"/home/kevin/WORKING/EclipseWordSpace/eWorkSpace/CuTest" -O0 -g3 -Wall -c -fmessage-length=0 -MMD -MP -MF"CuTest.d" -MT"CuTest.d" -o "CuTest.o" "../CuTest.c"
Finished building: ../CuTest.c
 
Building target: libCuTest.a
Invoking: GCC Archiver
ar -r  "libCuTest.a"  ./CuTest.o   
ar: creating libCuTest.a
Finished building target: libCuTest.a
 
make --no-print-directory post-build
cp libCuTest.a ../Lib/
 
01:34:40 **** Incremental Build of configuration Debug for project CuTest ****
make all 
Building file: ../CuTest.c
Invoking: GCC C Compiler
gcc -I"/home/kevin/WORKING/EclipseWordSpace/eWorkSpace/CuTest" -O0 -g3 -Wall -c -fmessage-length=0 -MMD -MP -MF"CuTest.d" -MT"CuTest.d" -o "CuTest.o" "../CuTest.c"
Finished building: ../CuTest.c
 
Building target: libCuTest.a
Invoking: GCC Archiver
ar -r  "libCuTest.a"  ./CuTest.o   
ar: creating libCuTest.a
Finished building target: libCuTest.a
 
make --no-print-directory post-build
cp libCuTest.a ../Lib/
 
01:34:40 **** Incremental Build of configuration Debug for project eFrameworkSharedLib ****
make all 
make: Nothing to be done for `all'.
01:34:40 **** Incremental Build of configuration Debug for project eFrameworkTest ****
make all 
Building target: eFrameworkTest
Invoking: GCC C Linker
gcc -L"/home/kevin/WORKING/EclipseWordSpace/eWorkSpace/CuTest/Lib" -L"/home/kevin/WORKING/EclipseWordSpace/eWorkSpace/eFrameWork/Lib/LibeFrameworkShare/Debug" -o "eFrameworkTest"  ./Src/eFrameworkTestSuit.o ./Src/eFramworkTestMain.o   -lCuTest -leFrameworkSharedLib
Finished building target: eFrameworkTest
 
01:35:00 **** Incremental Build of configuration Debug for project eFrameworkTest ****
make all 
make: Nothing to be done for `all'.
